Compiling the C compiler identification source file "CMakeCCompilerId.c" failed.
Compiler: C:/MinGW/bin/gcc.exe 
Build flags: 
Id flags:  

The output was:
1
C:\MinGW\bin\..\lib\gcc\mingw32\3.4.5\..\..\..\..\mingw32\bin\ld.exe: /mingw/lib/libmingw32.a(setargv.o):(.text+0x3d): undefined reference to `__chkstk_ms'
C:\MinGW\bin\..\lib\gcc\mingw32\3.4.5\..\..\..\..\mingw32\bin\ld.exe: /mingw/lib/libmingwex.a(glob.o):(.text+0x736): undefined reference to `__chkstk_ms'
C:\MinGW\bin\..\lib\gcc\mingw32\3.4.5\..\..\..\..\mingw32\bin\ld.exe: /mingw/lib/libmingwex.a(glob.o):(.text+0x7a4): undefined reference to `__chkstk_ms'
C:\MinGW\bin\..\lib\gcc\mingw32\3.4.5\..\..\..\..\mingw32\bin\ld.exe: /mingw/lib/libmingwex.a(glob.o):(.text+0x86f): undefined reference to `__chkstk_ms'
C:\MinGW\bin\..\lib\gcc\mingw32\3.4.5\..\..\..\..\mingw32\bin\ld.exe: /mingw/lib/libmingwex.a(glob.o):(.text+0xcab): undefined reference to `__chkstk_ms'
C:\MinGW\bin\..\lib\gcc\mingw32\3.4.5\..\..\..\..\mingw32\bin\ld.exe: /mingw/lib/libmingwex.a(glob.o):(.text+0xcf2): more undefined references to `__chkstk_ms' follow
collect2: ld returned 1 exit status


Compiling the CXX compiler identification source file "CMakeCXXCompilerId.cpp" failed.
Compiler: C:/MinGW/bin/g++.exe 
Build flags: 
Id flags:  

The output was:
1
C:\MinGW\bin\..\lib\gcc\mingw32\3.4.5\..\..\..\..\mingw32\bin\ld.exe: /mingw/lib/libmingw32.a(setargv.o):(.text+0x3d): undefined reference to `__chkstk_ms'
C:\MinGW\bin\..\lib\gcc\mingw32\3.4.5\..\..\..\..\mingw32\bin\ld.exe: /mingw/lib/libmingwex.a(glob.o):(.text+0x736): undefined reference to `__chkstk_ms'
C:\MinGW\bin\..\lib\gcc\mingw32\3.4.5\..\..\..\..\mingw32\bin\ld.exe: /mingw/lib/libmingwex.a(glob.o):(.text+0x7a4): undefined reference to `__chkstk_ms'
C:\MinGW\bin\..\lib\gcc\mingw32\3.4.5\..\..\..\..\mingw32\bin\ld.exe: /mingw/lib/libmingwex.a(glob.o):(.text+0x86f): undefined reference to `__chkstk_ms'
C:\MinGW\bin\..\lib\gcc\mingw32\3.4.5\..\..\..\..\mingw32\bin\ld.exe: /mingw/lib/libmingwex.a(glob.o):(.text+0xcab): undefined reference to `__chkstk_ms'
C:\MinGW\bin\..\lib\gcc\mingw32\3.4.5\..\..\..\..\mingw32\bin\ld.exe: /mingw/lib/libmingwex.a(glob.o):(.text+0xcf2): more undefined references to `__chkstk_ms' follow
collect2: ld returned 1 exit status


Determining if the C compiler works failed with the following output:
Change Dir: C:/tmp/SemkaPos/pong/cmake-build-debug/CMakeFiles/CMakeTmp

Run Build Command(s):C:/MinGW/bin/mingw32-make.exe cmTC_d1d90/fast && C:/MinGW/bin/mingw32-make.exe  -f CMakeFiles\cmTC_d1d90.dir\build.make CMakeFiles/cmTC_d1d90.dir/build
mingw32-make.exe[1]: Entering directory 'C:/tmp/SemkaPos/pong/cmake-build-debug/CMakeFiles/CMakeTmp'
Building C object CMakeFiles/cmTC_d1d90.dir/testCCompiler.c.obj
C:\MinGW\bin\gcc.exe    -o CMakeFiles\cmTC_d1d90.dir\testCCompiler.c.obj   -c C:\tmp\SemkaPos\pong\cmake-build-debug\CMakeFiles\CMakeTmp\testCCompiler.c
Linking C executable cmTC_d1d90.exe
"C:\Program Files\JetBrains\CLion 2020.2.4\bin\cmake\win\bin\cmake.exe" -E cmake_link_script CMakeFiles\cmTC_d1d90.dir\link.txt --verbose=1
C:\MinGW\bin\gcc.exe      -Wl,@CMakeFiles\cmTC_d1d90.dir\objects1.rsp  -o cmTC_d1d90.exe -Wl,--out-implib,libcmTC_d1d90.dll.a -Wl,--major-image-version,0,--minor-image-version,0  -lkernel32 -luser32 -lgdi32 -lwinspool -lshell32 -lole32 -loleaut32 -luuid -lcomdlg32 -ladvapi32 
C:\MinGW\bin\..\lib\gcc\mingw32\3.4.5\..\..\..\..\mingw32\bin\ld.exe: /mingw/lib/libmingw32.a(setargv.o):(.text+0x3d): undefined reference to `__chkstk_ms'
C:\MinGW\bin\..\lib\gcc\mingw32\3.4.5\..\..\..\..\mingw32\bin\ld.exe: /mingw/lib/libmingwex.a(glob.o):(.text+0x736): undefined reference to `__chkstk_ms'
C:\MinGW\bin\..\lib\gcc\mingw32\3.4.5\..\..\..\..\mingw32\bin\ld.exe: /mingw/lib/libmingwex.a(glob.o):(.text+0x7a4): undefined reference to `__chkstk_ms'
C:\MinGW\bin\..\lib\gcc\mingw32\3.4.5\..\..\..\..\mingw32\bin\ld.exe: /mingw/lib/libmingwex.a(glob.o):(.text+0x86f): undefined reference to `__chkstk_ms'
C:\MinGW\bin\..\lib\gcc\mingw32\3.4.5\..\..\..\..\mingw32\bin\ld.exe: /mingw/lib/libmingwex.a(glob.o):(.text+0xcab): undefined reference to `__chkstk_ms'
C:\MinGW\bin\..\lib\gcc\mingw32\3.4.5\..\..\..\..\mingw32\bin\ld.exe: /mingw/lib/libmingwex.a(glob.o):(.text+0xcf2): more undefined references to `__chkstk_ms' follow
collect2: ld returned 1 exit status
CMakeFiles\cmTC_d1d90.dir\build.make:106: recipe for target 'cmTC_d1d90.exe' failed
mingw32-make.exe[1]: *** [cmTC_d1d90.exe] Error 1
mingw32-make.exe[1]: Leaving directory 'C:/tmp/SemkaPos/pong/cmake-build-debug/CMakeFiles/CMakeTmp'
Makefile:140: recipe for target 'cmTC_d1d90/fast' failed
mingw32-make.exe: *** [cmTC_d1d90/fast] Error 2



